Exception at PC 0x00007FFCD90F3B29
Exception at PC 0x00007FFCD90F3B29
Exception at PC 0x00007FFCD90F3B29
Exception at PC 0x00007FFCD90F3B29
Exception at PC 0x00007FFCD90F3B29
Exception at PC 0x00007FFCD90F3B29
Exception at PC 0x00007FFCD90F3B29
Exception at PC 0x00007FFCD90F3B29
Exception at PC 0x00007FFCD90F3B29
Exception at PC 0x00007FFCD90F3B29
Exception at PC 0x00007FFCD90F3B29
Exception at PC 0x00007FFCD90F3B29
Exception at PC 0x00007FFCD90F3B29
Exception at PC 0x00007FFCD90F3B29
Exception at PC 0x00007FFCD90F3B29
Exception at PC 0x00007FFCD90F3B29
Exception at PC 0x00007FFCD90F3B29
Exception at PC 0x00007FFCD90F3B29
Exception at PC 0x00007FFCD90F3B29
Exception at PC 0x00007FFCD90F3B29
Exception at PC 0x00007FFCD90F3B29
Exception at PC 0x00007FFCD90F3B29
Exception at PC 0x00007FFC521BE132
Attemped to write at address 0x00007FFC87D34AA4
Printing stacktrace...

[0]  [0x00007FFC521BE132]
[1]  [0x00007FFC521BE132]
[2]  [0x00007FFC521BE194]
[3]  [0x00007FFC51E0D0D7]
[4]  [0x00007FFC51CF2BCA]
[5]  [0x00007FFC51CF2FD1]
[6]  [0x00007FFC521BEB2F]
[7]  [0x00007FFC5207C19D]
[8]  [0x00007FFC52075942]
[9]  [0x00007FFC52075AB5]
[10] (RtlActivateActivationContextUnsafeFast+0x121) [0x00007FFCDC105021]
[11] (LdrShutdownProcess+0x132) [0x00007FFCDC14B102]
[12] (RtlExitUserProcess+0xad) [0x00007FFCDC14AFAD]
[13] (ExitProcess+0xa) [0x00007FFCDA1ACDDA]
[14] (exit+0x85) [0x00007FFCDB5CA245]
[15] (initterm_e+0x245) [0x00007FFCDB5CA8B5]
[16]  [0x00000000004014CD]
[17]  [0x000000000040151B]
[18] (BaseThreadInitThunk+0x14) [0x00007FFCDA1A7C24]
[19] (RtlUserThreadStart+0x21) [0x00007FFCDC14D4D1]
Done
