Copyright 1986-2017 Xilinx, Inc. All Rights Reserved.
----------------------------------------------------------------------------------------------------------------------------------------------
| Tool Version     : Vivado v.2017.4 (win64) Build 2086221 Fri Dec 15 20:55:39 MST 2017
| Date             : Thu Dec 24 10:36:28 2020
| Host             : LAPTOP-R3GS1391 running 64-bit major release  (build 9200)
| Command          : report_power -file view_top_power_routed.rpt -pb view_top_power_summary_routed.pb -rpx view_top_power_routed.rpx
| Design           : view_top
| Device           : xc7a100tfgg484-1
| Design State     : routed
| Grade            : commercial
| Process          : typical
| Characterization : Production
----------------------------------------------------------------------------------------------------------------------------------------------

Power Report

Table of Contents
-----------------
1. Summary
1.1 On-Chip Components
1.2 Power Supply Summary
1.3 Confidence Level
2. Settings
2.1 Environment
2.2 Clock Constraints
3. Detailed Reports
3.1 By Hierarchy

1. Summary
----------

+--------------------------+----------------------------------+
| Total On-Chip Power (W)  | 42.827 (Junction temp exceeded!) |
| Design Power Budget (W)  | Unspecified*                     |
| Power Budget Margin (W)  | NA                               |
| Dynamic (W)              | 42.030                           |
| Device Static (W)        | 0.797                            |
| Effective TJA (C/W)      | 2.7                              |
| Max Ambient (C)          | 0.0                              |
| Junction Temperature (C) | 125.0                            |
| Confidence Level         | Low                              |
| Setting File             | ---                              |
| Simulation Activity File | ---                              |
| Design Nets Matched      | NA                               |
+--------------------------+----------------------------------+
* Specify Design Power Budget using, set_operating_conditions -design_power_budget <value in Watts>


1.1 On-Chip Components
----------------------

+----------------+-----------+----------+-----------+-----------------+
| On-Chip        | Power (W) | Used     | Available | Utilization (%) |
+----------------+-----------+----------+-----------+-----------------+
| Slice Logic    |     4.832 |     2364 |       --- |             --- |
|   LUT as Logic |     4.330 |     1113 |     63400 |            1.76 |
|   CARRY4       |     0.261 |      153 |     15850 |            0.97 |
|   Register     |     0.207 |      815 |    126800 |            0.64 |
|   F7/F8 Muxes  |     0.028 |       27 |     63400 |            0.04 |
|   BUFG         |     0.006 |        4 |        32 |           12.50 |
|   Others       |     0.000 |       42 |       --- |             --- |
| Signals        |     4.735 |     2080 |       --- |             --- |
| I/O            |    32.463 |       36 |       285 |           12.63 |
| Static Power   |     0.797 |          |           |                 |
| Total          |    42.827 |          |           |                 |
+----------------+-----------+----------+-----------+-----------------+


1.2 Power Supply Summary
------------------------

+-----------+-------------+-----------+-------------+------------+
| Source    | Voltage (V) | Total (A) | Dynamic (A) | Static (A) |
+-----------+-------------+-----------+-------------+------------+
| Vccint    |       1.000 |    10.182 |       9.619 |      0.563 |
| Vccaux    |       1.800 |     1.281 |       1.188 |      0.093 |
| Vcco33    |       3.300 |     9.178 |       9.174 |      0.004 |
| Vcco25    |       2.500 |     0.000 |       0.000 |      0.000 |
| Vcco18    |       1.800 |     0.000 |       0.000 |      0.000 |
| Vcco15    |       1.500 |     0.000 |       0.000 |      0.000 |
| Vcco135   |       1.350 |     0.000 |       0.000 |      0.000 |
| Vcco12    |       1.200 |     0.000 |       0.000 |      0.000 |
| Vccaux_io |       1.800 |     0.000 |       0.000 |      0.000 |
| Vccbram   |       1.000 |     0.018 |       0.000 |      0.018 |
| MGTAVcc   |       1.000 |     0.000 |       0.000 |      0.000 |
| MGTAVtt   |       1.200 |     0.000 |       0.000 |      0.000 |
| Vccadc    |       1.800 |     0.020 |       0.000 |      0.020 |
+-----------+-------------+-----------+-------------+------------+


1.3 Confidence Level
--------------------

+-----------------------------+------------+--------------------------------------------------------+--------------------------------------------------------------------------------------------------------------------+
| User Input Data             | Confidence | Details                                                | Action                                                                                                             |
+-----------------------------+------------+--------------------------------------------------------+--------------------------------------------------------------------------------------------------------------------+
| Design implementation state | High       | Design is routed                                       |                                                                                                                    |
| Clock nodes activity        | Low        | User specified less than 75% of clocks                 | Provide missing clock activity with a constraint file, simulation results or by editing the "By Clock Domain" view |
| I/O nodes activity          | Low        | More than 75% of inputs are missing user specification | Provide missing input activity with simulation results or by editing the "By Resource Type -> I/Os" view           |
| Internal nodes activity     | Medium     | User specified less than 25% of internal nodes         | Provide missing internal nodes activity with simulation results or by editing the "By Resource Type" views         |
| Device models               | High       | Device models are Production                           |                                                                                                                    |
|                             |            |                                                        |                                                                                                                    |
| Overall confidence level    | Low        |                                                        |                                                                                                                    |
+-----------------------------+------------+--------------------------------------------------------+--------------------------------------------------------------------------------------------------------------------+


2. Settings
-----------

2.1 Environment
---------------

+-----------------------+--------------------------+
| Ambient Temp (C)      | 25.0                     |
| ThetaJA (C/W)         | 2.7                      |
| Airflow (LFM)         | 250                      |
| Heat Sink             | medium (Medium Profile)  |
| ThetaSA (C/W)         | 4.6                      |
| Board Selection       | medium (10"x10")         |
| # of Board Layers     | 12to15 (12 to 15 Layers) |
| Board Temperature (C) | 25.0                     |
+-----------------------+--------------------------+


2.2 Clock Constraints
---------------------

+-------+--------+-----------------+
| Clock | Domain | Constraint (ns) |
+-------+--------+-----------------+


3. Detailed Reports
-------------------

3.1 By Hierarchy
----------------

+---------------------------+-----------+
| Name                      | Power (W) |
+---------------------------+-----------+
| view_top                  |    42.030 |
|   chargeV                 |     0.629 |
|   controller              |     4.706 |
|     count_time_to_close   |     0.989 |
|       beep_ring           |     0.129 |
|         addr_gen_inst     |    <0.001 |
|         decode_inst       |    <0.001 |
|         music_gen_inst    |     0.000 |
|         my_rom_inst       |    <0.001 |
|         my_time_1MHz_inst |     0.127 |
|         time_counter_inst |     0.001 |
|     givetime              |     0.371 |
|       div_in              |     0.317 |
|     memory_inst           |     0.386 |
|     modecharge            |     0.375 |
|       div_in              |     0.312 |
|     modeclk               |     0.303 |
|     readkeyboard          |     0.403 |
|       div_ins             |     0.304 |
|     setenvirtemper        |     0.534 |
|     setpower              |     1.274 |
|     settemper             |     0.072 |
|   elecV                   |     0.655 |
|   history                 |     0.613 |
|   modeV                   |     0.707 |
|   tempV                   |     0.607 |
|   timeV                   |     0.640 |
|   vibration               |     0.255 |
+---------------------------+-----------+


